<?xml version="1.0" encoding="UTF-8"?>
<!-- Generated by org.testng.reporters.JUnitXMLReporter -->
<testsuite ignored="1" hostname="CTNL1715" failures="0" tests="1" name="Default test" time="16.121" errors="0" timestamp="2022-08-23T00:04:47 IST">
  <testcase classname="com.crm.qa.testcases.LoginPageTest" name="login" time="0.668"/>
  <testcase classname="com.crm.qa.testcases.LoginPageTest" name="validateLoginPageTitleTest" time="0.0">
    <ignored/>
  </testcase> <!-- validateLoginPageTitleTest -->
</testsuite> <!-- Default test -->
