<?xml version="1.0" encoding="UTF-8"?>
<testng-results ignored="1" total="2" passed="1" failed="0" skipped="0">
  <reporter-output>
  </reporter-output>
  <suite started-at="2022-08-23T00:04:31 IST" name="Default suite" finished-at="2022-08-23T00:04:47 IST" duration-ms="16121">
    <groups>
    </groups>
    <test started-at="2022-08-23T00:04:31 IST" name="Default test" finished-at="2022-08-23T00:04:47 IST" duration-ms="16121">
      <class name="com.crm.qa.testcases.LoginPageTest">
        <test-method is-config="true" signature="setUp()[pri:0, instance:com.crm.qa.testcases.LoginPageTest@6221a451]" started-at="2022-08-23T00:04:31 IST" name="setUp" finished-at="2022-08-23T00:04:46 IST" duration-ms="15052" status="PASS">
          <reporter-output>
          </reporter-output>
        </test-method> <!-- setUp -->
        <test-method signature="login()[pri:2, instance:com.crm.qa.testcases.LoginPageTest@6221a451]" started-at="2022-08-23T00:04:46 IST" name="login" finished-at="2022-08-23T00:04:47 IST" duration-ms="668" status="PASS">
          <reporter-output>
          </reporter-output>
        </test-method> <!-- login -->
        <test-method is-config="true" signature="tearDown()[pri:0, instance:com.crm.qa.testcases.LoginPageTest@6221a451]" started-at="2022-08-23T00:04:47 IST" name="tearDown" finished-at="2022-08-23T00:04:47 IST" duration-ms="321" status="PASS">
          <reporter-output>
          </reporter-output>
        </test-method> <!-- tearDown -->
      </class> <!-- com.crm.qa.testcases.LoginPageTest -->
    </test> <!-- Default test -->
  </suite> <!-- Default suite -->
</testng-results>
